Determining if the pthread_create exist failed with the following output:
Change Dir: /home/aguilerapjc/JC/NAO/naoWS/2016/programaprueba/build-naoqi64/CMakeFiles/CMakeTmp

Run Build Command:/usr/bin/make "cmTryCompileExec838723798/fast"
/usr/bin/make -f CMakeFiles/cmTryCompileExec838723798.dir/build.make CMakeFiles/cmTryCompileExec838723798.dir/build
make[1]: Entering directory `/home/aguilerapjc/JC/NAO/naoWS/2016/programaprueba/build-naoqi64/CMakeFiles/CMakeTmp'
/usr/bin/cmake -E cmake_progress_report /home/aguilerapjc/JC/NAO/naoWS/2016/programaprueba/build-naoqi64/CMakeFiles/CMakeTmp/CMakeFiles 1
Building C object CMakeFiles/cmTryCompileExec838723798.dir/CheckSymbolExists.c.o
/usr/bin/cc    -o CMakeFiles/cmTryCompileExec838723798.dir/CheckSymbolExists.c.o   -c /home/aguilerapjc/JC/NAO/naoWS/2016/programaprueba/build-naoqi64/CMakeFiles/CMakeTmp/CheckSymbolExists.c
Linking C executable cmTryCompileExec838723798
/usr/bin/cmake -E cmake_link_script CMakeFiles/cmTryCompileExec838723798.dir/link.txt --verbose=1
/usr/bin/cc       CMakeFiles/cmTryCompileExec838723798.dir/CheckSymbolExists.c.o  -o cmTryCompileExec838723798 -rdynamic 
CMakeFiles/cmTryCompileExec838723798.dir/CheckSymbolExists.c.o: In function `main':
CheckSymbolExists.c:(.text+0x16): undefined reference to `pthread_create'
collect2: error: ld returned 1 exit status
make[1]: *** [cmTryCompileExec838723798] Error 1
make[1]: Leaving directory `/home/aguilerapjc/JC/NAO/naoWS/2016/programaprueba/build-naoqi64/CMakeFiles/CMakeTmp'
make: *** [cmTryCompileExec838723798/fast] Error 2

File /home/aguilerapjc/JC/NAO/naoWS/2016/programaprueba/build-naoqi64/CMakeFiles/CMakeTmp/CheckSymbolExists.c:
/* */
#include <pthread.h>

int main(int argc, char** argv)
{
  (void)argv;
#ifndef pthread_create
  return ((int*)(&pthread_create))[argc];
#else
  (void)argc;
  return 0;
#endif
}

Determining if the function pthread_create exists in the pthreads failed with the following output:
Change Dir: /home/aguilerapjc/JC/NAO/naoWS/2016/programaprueba/build-naoqi64/CMakeFiles/CMakeTmp

Run Build Command:/usr/bin/make "cmTryCompileExec3660413622/fast"
/usr/bin/make -f CMakeFiles/cmTryCompileExec3660413622.dir/build.make CMakeFiles/cmTryCompileExec3660413622.dir/build
make[1]: Entering directory `/home/aguilerapjc/JC/NAO/naoWS/2016/programaprueba/build-naoqi64/CMakeFiles/CMakeTmp'
/usr/bin/cmake -E cmake_progress_report /home/aguilerapjc/JC/NAO/naoWS/2016/programaprueba/build-naoqi64/CMakeFiles/CMakeTmp/CMakeFiles 1
Building C object CMakeFiles/cmTryCompileExec3660413622.dir/CheckFunctionExists.c.o
/usr/bin/cc   -DCHECK_FUNCTION_EXISTS=pthread_create   -o CMakeFiles/cmTryCompileExec3660413622.dir/CheckFunctionExists.c.o   -c /usr/share/cmake-2.8/Modules/CheckFunctionExists.c
Linking C executable cmTryCompileExec3660413622
/usr/bin/cmake -E cmake_link_script CMakeFiles/cmTryCompileExec3660413622.dir/link.txt --verbose=1
/usr/bin/cc   -DCHECK_FUNCTION_EXISTS=pthread_create    CMakeFiles/cmTryCompileExec3660413622.dir/CheckFunctionExists.c.o  -o cmTryCompileExec3660413622 -rdynamic -lpthreads 
/usr/bin/ld: cannot find -lpthreads
collect2: error: ld returned 1 exit status
make[1]: *** [cmTryCompileExec3660413622] Error 1
make[1]: Leaving directory `/home/aguilerapjc/JC/NAO/naoWS/2016/programaprueba/build-naoqi64/CMakeFiles/CMakeTmp'
make: *** [cmTryCompileExec3660413622/fast] Error 2


Determining if the pthread_create exist failed with the following output:
Change Dir: /home/aguilerapjc/JC/NAO/naoWS/2016/programaprueba/build-naoqi64/CMakeFiles/CMakeTmp

Run Build Command:/usr/bin/make "cmTryCompileExec901572955/fast"
/usr/bin/make -f CMakeFiles/cmTryCompileExec901572955.dir/build.make CMakeFiles/cmTryCompileExec901572955.dir/build
make[1]: Entering directory `/home/aguilerapjc/JC/NAO/naoWS/2016/programaprueba/build-naoqi64/CMakeFiles/CMakeTmp'
/usr/bin/cmake -E cmake_progress_report /home/aguilerapjc/JC/NAO/naoWS/2016/programaprueba/build-naoqi64/CMakeFiles/CMakeTmp/CMakeFiles 1
Building C object CMakeFiles/cmTryCompileExec901572955.dir/CheckSymbolExists.c.o
/usr/bin/cc    -o CMakeFiles/cmTryCompileExec901572955.dir/CheckSymbolExists.c.o   -c /home/aguilerapjc/JC/NAO/naoWS/2016/programaprueba/build-naoqi64/CMakeFiles/CMakeTmp/CheckSymbolExists.c
Linking C executable cmTryCompileExec901572955
/usr/bin/cmake -E cmake_link_script CMakeFiles/cmTryCompileExec901572955.dir/link.txt --verbose=1
/usr/bin/cc       CMakeFiles/cmTryCompileExec901572955.dir/CheckSymbolExists.c.o  -o cmTryCompileExec901572955 -rdynamic 
CMakeFiles/cmTryCompileExec901572955.dir/CheckSymbolExists.c.o: In function `main':
CheckSymbolExists.c:(.text+0x16): undefined reference to `pthread_create'
collect2: error: ld returned 1 exit status
make[1]: Leaving directory `/home/aguilerapjc/JC/NAO/naoWS/2016/programaprueba/build-naoqi64/CMakeFiles/CMakeTmp'
make[1]: *** [cmTryCompileExec901572955] Error 1
make: *** [cmTryCompileExec901572955/fast] Error 2

File /home/aguilerapjc/JC/NAO/naoWS/2016/programaprueba/build-naoqi64/CMakeFiles/CMakeTmp/CheckSymbolExists.c:
/* */
#include <pthread.h>

int main(int argc, char** argv)
{
  (void)argv;
#ifndef pthread_create
  return ((int*)(&pthread_create))[argc];
#else
  (void)argc;
  return 0;
#endif
}

Determining if the function pthread_create exists in the pthreads failed with the following output:
Change Dir: /home/aguilerapjc/JC/NAO/naoWS/2016/programaprueba/build-naoqi64/CMakeFiles/CMakeTmp

Run Build Command:/usr/bin/make "cmTryCompileExec3421977031/fast"
/usr/bin/make -f CMakeFiles/cmTryCompileExec3421977031.dir/build.make CMakeFiles/cmTryCompileExec3421977031.dir/build
make[1]: Entering directory `/home/aguilerapjc/JC/NAO/naoWS/2016/programaprueba/build-naoqi64/CMakeFiles/CMakeTmp'
/usr/bin/cmake -E cmake_progress_report /home/aguilerapjc/JC/NAO/naoWS/2016/programaprueba/build-naoqi64/CMakeFiles/CMakeTmp/CMakeFiles 1
Building C object CMakeFiles/cmTryCompileExec3421977031.dir/CheckFunctionExists.c.o
/usr/bin/cc   -DCHECK_FUNCTION_EXISTS=pthread_create   -o CMakeFiles/cmTryCompileExec3421977031.dir/CheckFunctionExists.c.o   -c /usr/share/cmake-2.8/Modules/CheckFunctionExists.c
Linking C executable cmTryCompileExec3421977031
/usr/bin/cmake -E cmake_link_script CMakeFiles/cmTryCompileExec3421977031.dir/link.txt --verbose=1
/usr/bin/cc   -DCHECK_FUNCTION_EXISTS=pthread_create    CMakeFiles/cmTryCompileExec3421977031.dir/CheckFunctionExists.c.o  -o cmTryCompileExec3421977031 -rdynamic -lpthreads 
/usr/bin/ld: cannot find -lpthreads
collect2: error: ld returned 1 exit status
make[1]: *** [cmTryCompileExec3421977031] Error 1
make[1]: Leaving directory `/home/aguilerapjc/JC/NAO/naoWS/2016/programaprueba/build-naoqi64/CMakeFiles/CMakeTmp'
make: *** [cmTryCompileExec3421977031/fast] Error 2


